[debug] [2022-05-24T13:30:45.277Z] ----------------------------------------------------------------------
[debug] [2022-05-24T13:30:45.281Z] Command:       C:\Program Files\nodejs\node.exe C:\Users\rgvoz\AppData\Roaming\npm\node_modules\firebase-tools\lib\bin\firebase.js init
[debug] [2022-05-24T13:30:45.283Z] CLI Version:   11.0.0
[debug] [2022-05-24T13:30:45.283Z] Platform:      win32
[debug] [2022-05-24T13:30:45.283Z] Node Version:  v16.13.1
[debug] [2022-05-24T13:30:45.299Z] Time:          Tue May 24 2022 16:30:45 GMT+0300 (за східноєвропейським літнім часом)
[debug] [2022-05-24T13:30:45.300Z] ----------------------------------------------------------------------
[debug] 
[debug] [2022-05-24T13:30:45.489Z] > command requires scopes: ["email","openid","https://www.googleapis.com/auth/cloudplatformprojects.readonly","https://www.googleapis.com/auth/firebase","https://www.googleapis.com/auth/cloud-platform"]
[debug] [2022-05-24T13:30:45.491Z] > authorizing via signed-in user (r.gvozdev16@gmail.com)
[info] 
     ######## #### ########  ######## ########     ###     ######  ########
     ##        ##  ##     ## ##       ##     ##  ##   ##  ##       ##
     ######    ##  ########  ######   ########  #########  ######  ######
     ##        ##  ##    ##  ##       ##     ## ##     ##       ## ##
     ##       #### ##     ## ######## ########  ##     ##  ######  ########

You're about to initialize a Firebase project in this directory:

  R:\Project\cefion

Before we get started, keep in mind:

  * You are initializing within an existing Firebase project directory

[info] 
=== Project Setup
[info] 
[info] First, let's associate this project directory with a Firebase project.
[info] You can create multiple project aliases by running firebase use --add, 
[info] but for now we'll just set up a default project.
[info] 
[debug] [2022-05-24T13:31:20.978Z] Using project from CLI flag: cefion-246f3
[debug] [2022-05-24T13:31:20.985Z] > refreshing access token with scopes: []
[debug] [2022-05-24T13:31:20.988Z] >>> HTTP REQUEST POST https://www.googleapis.com/oauth2/v3/token  
 <request body omitted>
[debug] [2022-05-24T13:31:21.287Z] <<< HTTP RESPONSE 200 {"expires":"Mon, 01 Jan 1990 00:00:00 GMT","pragma":"no-cache","cache-control":"no-cache, no-store, max-age=0, must-revalidate","date":"Tue, 24 May 2022 13:31:21 GMT","content-type":"application/json; charset=utf-8","vary":"X-Origin, Referer, Origin,Accept-Encoding","server":"scaffolding on HTTPServer2","x-xss-protection":"0","x-frame-options":"SAMEORIGIN","x-content-type-options":"nosniff","alt-svc":"h3=\":443\"; ma=2592000,h3-29=\":443\"; ma=2592000,h3-Q050=\":443\"; ma=2592000,h3-Q046=\":443\"; ma=2592000,h3-Q043=\":443\"; ma=2592000,quic=\":443\"; ma=2592000; v=\"46,43\"","accept-ranges":"none","transfer-encoding":"chunked"}
[debug] [2022-05-24T13:31:21.317Z] >>> [apiv2][query] GET https://firebase.googleapis.com/v1beta1/projects/cefion-246f3 [none]
[debug] [2022-05-24T13:31:21.834Z] <<< [apiv2][status] GET https://firebase.googleapis.com/v1beta1/projects/cefion-246f3 200
[debug] [2022-05-24T13:31:21.834Z] <<< [apiv2][body] GET https://firebase.googleapis.com/v1beta1/projects/cefion-246f3 {"projectId":"cefion-246f3","projectNumber":"933062108759","displayName":"cefion","name":"projects/cefion-246f3","resources":{"hostingSite":"cefion-246f3"},"state":"ACTIVE"}
[info] i  Using project cefion-246f3 (cefion) 
[info] 
=== Hosting:github Setup
[info] 
[info] i  Detected a .git folder at R:\Project\cefion 
[info] i  Authorizing with GitHub to upload your service account to a GitHub repository's secrets store. 
[info] 
[info] Visit this URL on this device to log in:
[info] https://github.com/login/oauth/authorize?client_id=89cf50f02ac6aaed3484&state=460377423&redirect_uri=http%3A%2F%2Flocalhost%3A9005&scope=read%3Auser%20repo%20public_repo
[info] 
[info] Waiting for authentication...
